0 test(s) failed out of 2 test(s).



=========== Test output for 2 cores ===========
JUnit version 4.12
.E.E
Time: 92.173
There were 2 failures:
1) testPar768_x_768(edu.coursera.parallel.MatrixMultiplyTest)
junit.framework.AssertionFailedError: It was expected that the parallel implementation would run at least 1.200000x faster, but it only achieved 0.740985x speedup
at junit.framework.Assert.fail(Assert.java:57)
at junit.framework.Assert.assertTrue(Assert.java:22)
at junit.framework.TestCase.assertTrue(TestCase.java:192)
at edu.coursera.parallel.MatrixMultiplyTest.testPar768_x_768(MatrixMultiplyTest.java:130)
at sun.reflect.NativeMethodAccessorImpl.invoke0(Native Method)
at sun.reflect.NativeMethodAccessorImpl.invoke(NativeMethodAccessorImpl.java:62)
at sun.reflect.DelegatingMethodAccessorImpl.invoke(DelegatingMethodAccessorImpl.java:43)
at java.lang.reflect.Method.invoke(Method.java:498)
at junit.framework.TestCase.runTest(TestCase.java:176)
at junit.framework.TestCase.runBare(TestCase.java:141)
at junit.framework.TestResult$1.protect(TestResult.java:122)
at junit.framework.TestResult.runProtected(TestResult.java:142)
at junit.framework.TestResult.run(TestResult.java:125)
at junit.framework.TestCase.run(TestCase.java:129)
at junit.framework.TestSuite.runTest(TestSuite.java:252)
at junit.framework.TestSuite.run(TestSuite.java:247)
at org.junit.internal.runners.JUnit38ClassRunner.run(JUnit38ClassRunner.java:86)
at org.junit.runners.Suite.runChild(Suite.java:128)
at org.junit.runners.Suite.runChild(Suite.java:27)
at org.junit.runners.ParentRunner$3.run(ParentRunner.java:290)
at org.junit.runners.ParentRunner$1.schedule(ParentRunner.java:71)
at org.junit.runners.ParentRunner.runChildren(ParentRunner.java:288)
at org.junit.runners.ParentRunner.access$000(ParentRunner.java:58)
at org.junit.runners.ParentRunner$2.evaluate(ParentRunner.java:268)
at org.junit.runners.ParentRunner.run(ParentRunner.java:363)
at org.junit.runner.JUnitCore.run(JUnitCore.java:137)
at org.junit.runner.JUnitCore.run(JUnitCore.java:115)
at org.junit.runner.JUnitCore.runMain(JUnitCore.java:77)
at org.junit.runner.JUnitCore.main(JUnitCore.java:36)
2) testPar512_x_512(edu.coursera.parallel.MatrixMultiplyTest)
junit.framework.AssertionFailedError: It was expected that the parallel implementation would run at least 1.200000x faster, but it only achieved 0.965657x speedup
at junit.framework.Assert.fail(Assert.java:57)
at junit.framework.Assert.assertTrue(Assert.java:22)
at junit.framework.TestCase.assertTrue(TestCase.java:192)
at edu.coursera.parallel.MatrixMultiplyTest.testPar512_x_512(MatrixMultiplyTest.java:118)
at sun.reflect.NativeMethodAccessorImpl.invoke0(Native Method)
at sun.reflect.NativeMethodAccessorImpl.invoke(NativeMethodAccessorImpl.java:62)
at sun.reflect.DelegatingMethodAccessorImpl.invoke(DelegatingMethodAccessorImpl.java:43)
at java.lang.reflect.Method.invoke(Method.java:498)
at junit.framework.TestCase.runTest(TestCase.java:176)
at junit.framework.TestCase.runBare(TestCase.java:141)
at junit.framework.TestResult$1.protect(TestResult.java:122)
at junit.framework.TestResult.runProtected(TestResult.java:142)
at junit.framework.TestResult.run(TestResult.java:125)
at junit.framework.TestCase.run(TestCase.java:129)
at junit.framework.TestSuite.runTest(TestSuite.java:252)
at junit.framework.TestSuite.run(TestSuite.java:247)
at org.junit.internal.runners.JUnit38ClassRunner.run(JUnit38ClassRunner.java:86)
at org.junit.runners.Suite.runChild(Suite.java:128)
at org.junit.runners.Suite.runChild(Suite.java:27)
at org.junit.runners.ParentRunner$3.run(ParentRunner.java:290)
at org.junit.runners.ParentRunner$1.schedule(ParentRunner.java:71)
at org.junit.runners.ParentRunner.runChildren(ParentRunner.java:288)
at org.junit.runners.ParentRunner.access$000(ParentRunner.java:58)
at org.junit.runners.ParentRunner$2.evaluate(ParentRunner.java:268)
at org.junit.runners.ParentRunner.run(ParentRunner.java:363)
at org.junit.runner.JUnitCore.run(JUnitCore.java:137)
at org.junit.runner.JUnitCore.run(JUnitCore.java:115)
at org.junit.runner.JUnitCore.runMain(JUnitCore.java:77)
at org.junit.runner.JUnitCore.main(JUnitCore.java:36)

FAILURES!!!
Tests run: 2,  Failures: 2

===============================================
=========== Test output for 4 cores ===========
JUnit version 4.12
..
Time: 70.371

OK (2 tests)

===============================================